<?xml version="1.0" encoding="UTF-8"?>
<!-- Generated by org.testng.reporters.JUnitXMLReporter -->
<testsuite ignored="0" hostname="DELL" failures="0" tests="3" name="Default test" time="0.095" errors="0" timestamp="2023-05-01T16:41:20 IST">
  <testcase classname="com.sgtesting.users.Users" name="createUser" time="0.008"/>
  <testcase classname="com.sgtesting.users.Users" name="deleteUser" time="0.003"/>
  <testcase classname="com.sgtesting.users.Users" name="modifyUser" time="0.012"/>
</testsuite> <!-- Default test -->
